  Source.cpp
<<<<<<< HEAD
C:\FACULTATE\POO\Faculty_Team_Project\Project1\Project1\Header.h(830,44): warning C4018: '>': signed/unsigned mismatch
C:\FACULTATE\POO\Faculty_Team_Project\Project1\Project1\Header.h(1004,13): warning C4101: 'n': unreferenced local variable
C:\FACULTATE\POO\Faculty_Team_Project\Project1\Project1\Header.h(1425,20): warning C4018: '<': signed/unsigned mismatch
C:\FACULTATE\POO\Faculty_Team_Project\Project1\Project1\Header.h(1447,20): warning C4018: '<': signed/unsigned mismatch
C:\FACULTATE\POO\Faculty_Team_Project\Project1\Project1\Header.h(1472,20): warning C4018: '<': signed/unsigned mismatch
C:\FACULTATE\POO\Faculty_Team_Project\Project1\Project1\Header.h(1499,20): warning C4018: '<': signed/unsigned mismatch
C:\FACULTATE\POO\Faculty_Team_Project\Project1\Project1\Header.h(1609,14): warning C4018: '<': signed/unsigned mismatch
C:\FACULTATE\POO\Faculty_Team_Project\Project1\Project1\Header.h(1622,22): warning C4018: '<': signed/unsigned mismatch
C:\FACULTATE\POO\Faculty_Team_Project\Project1\Project1\Header.h(1670,11): warning C4018: '<': signed/unsigned mismatch
  Project1.vcxproj -> C:\FACULTATE\POO\Faculty_Team_Project\Project1\Debug\Project1.exe
=======
<<<<<<< HEAD
D:\Facultate\Facultate Anul II\Sem I\POO_Project\POO_Group_Project\Project1\Project1\Header.h(1003,44): warning C4018: '>': signed/unsigned mismatch
D:\Facultate\Facultate Anul II\Sem I\POO_Project\POO_Group_Project\Project1\Project1\Header.h(1177,13): warning C4101: 'n': unreferenced local variable
D:\Facultate\Facultate Anul II\Sem I\POO_Project\POO_Group_Project\Project1\Project1\Header.h(1605,20): warning C4018: '<': signed/unsigned mismatch
D:\Facultate\Facultate Anul II\Sem I\POO_Project\POO_Group_Project\Project1\Project1\Header.h(1627,20): warning C4018: '<': signed/unsigned mismatch
D:\Facultate\Facultate Anul II\Sem I\POO_Project\POO_Group_Project\Project1\Project1\Header.h(1652,20): warning C4018: '<': signed/unsigned mismatch
D:\Facultate\Facultate Anul II\Sem I\POO_Project\POO_Group_Project\Project1\Project1\Header.h(1679,20): warning C4018: '<': signed/unsigned mismatch
D:\Facultate\Facultate Anul II\Sem I\POO_Project\POO_Group_Project\Project1\Project1\Header.h(1789,14): warning C4018: '<': signed/unsigned mismatch
D:\Facultate\Facultate Anul II\Sem I\POO_Project\POO_Group_Project\Project1\Project1\Header.h(1802,22): warning C4018: '<': signed/unsigned mismatch
D:\Facultate\Facultate Anul II\Sem I\POO_Project\POO_Group_Project\Project1\Project1\Header.h(1855,11): warning C4018: '<': signed/unsigned mismatch
=======
D:\Facultate\Facultate Anul II\Sem I\POO_Project\POO_Group_Project\Project1\Project1\Header.h(1002,44): warning C4018: '>': signed/unsigned mismatch
D:\Facultate\Facultate Anul II\Sem I\POO_Project\POO_Group_Project\Project1\Project1\Header.h(1176,13): warning C4101: 'n': unreferenced local variable
D:\Facultate\Facultate Anul II\Sem I\POO_Project\POO_Group_Project\Project1\Project1\Header.h(1604,20): warning C4018: '<': signed/unsigned mismatch
D:\Facultate\Facultate Anul II\Sem I\POO_Project\POO_Group_Project\Project1\Project1\Header.h(1626,20): warning C4018: '<': signed/unsigned mismatch
D:\Facultate\Facultate Anul II\Sem I\POO_Project\POO_Group_Project\Project1\Project1\Header.h(1651,20): warning C4018: '<': signed/unsigned mismatch
D:\Facultate\Facultate Anul II\Sem I\POO_Project\POO_Group_Project\Project1\Project1\Header.h(1678,20): warning C4018: '<': signed/unsigned mismatch
D:\Facultate\Facultate Anul II\Sem I\POO_Project\POO_Group_Project\Project1\Project1\Header.h(1788,14): warning C4018: '<': signed/unsigned mismatch
D:\Facultate\Facultate Anul II\Sem I\POO_Project\POO_Group_Project\Project1\Project1\Header.h(1801,22): warning C4018: '<': signed/unsigned mismatch
D:\Facultate\Facultate Anul II\Sem I\POO_Project\POO_Group_Project\Project1\Project1\Header.h(1849,11): warning C4018: '<': signed/unsigned mismatch
>>>>>>> main
  Project1.vcxproj -> D:\Facultate\Facultate Anul II\Sem I\POO_Project\POO_Group_Project\Project1\Debug\Project1.exe
>>>>>>> main
